\BOOKMARK [1][-]{section.1}{\376\377\000I\000n\000t\000r\000o\000d\000u\000c\000t\000i\000o\000n}{}% 1
\BOOKMARK [1][-]{section.2}{\376\377\000S\000t\000e\000p\000\040\000F\000i\000v\000e\000:\000\040\000P\000r\000o\000j\000e\000c\000t\000\040\000t\000h\000e\000\040\000O\000u\000t\000c\000o\000m\000e}{}% 2
\BOOKMARK [2][-]{subsection.2.1}{\376\377\000U\000n\000d\000e\000r\000s\000t\000a\000n\000d\000i\000n\000g\000\040\000t\000h\000e\000\040\000C\000h\000a\000l\000l\000e\000n\000g\000e\000s}{section.2}% 3
\BOOKMARK [3][-]{subsubsection.2.1.1}{\376\377\000P\000o\000l\000i\000c\000y\000\040\000i\000s\000\040\000A\000b\000o\000u\000t\000\040\000t\000h\000e\000\040\000F\000u\000t\000u\000r\000e}{subsection.2.1}% 4
\BOOKMARK [3][-]{subsubsection.2.1.2}{\376\377\000B\000a\000l\000a\000n\000c\000i\000n\000g\000\040\000R\000e\000a\000l\000i\000s\000m\000\040\000a\000n\000d\000\040\000O\000p\000t\000i\000m\000i\000s\000m}{subsection.2.1}% 5
\BOOKMARK [3][-]{subsubsection.2.1.3}{\376\377\000A\000v\000o\000i\000d\000i\000n\000g\000\040\000t\000h\000e\000\040\0005\0001\000-\0004\0009\000\040\000P\000r\000i\000n\000c\000i\000p\000l\000e}{subsection.2.1}% 6
\BOOKMARK [2][-]{subsection.2.2}{\376\377\000L\000e\000v\000e\000r\000a\000g\000i\000n\000g\000\040\000S\000o\000c\000i\000a\000l\000\040\000S\000c\000i\000e\000n\000c\000e}{section.2}% 7
\BOOKMARK [3][-]{subsubsection.2.2.1}{\376\377\000U\000s\000i\000n\000g\000\040\000M\000o\000d\000e\000l\000s\000\040\000a\000n\000d\000\040\000E\000v\000i\000d\000e\000n\000c\000e}{subsection.2.2}% 8
\BOOKMARK [3][-]{subsubsection.2.2.2}{\376\377\000C\000o\000n\000s\000i\000d\000e\000r\000i\000n\000g\000\040\000I\000n\000i\000t\000i\000a\000l\000\040\000C\000o\000n\000d\000i\000t\000i\000o\000n\000s}{subsection.2.2}% 9
\BOOKMARK [2][-]{subsection.2.3}{\376\377\000D\000e\000v\000e\000l\000o\000p\000i\000n\000g\000\040\000M\000a\000g\000n\000i\000t\000u\000d\000e\000\040\000E\000s\000t\000i\000m\000a\000t\000e\000s}{section.2}% 10
\BOOKMARK [2][-]{subsection.2.4}{\376\377\000B\000r\000e\000a\000k\000-\000E\000v\000e\000n\000\040\000A\000n\000a\000l\000y\000s\000i\000s}{section.2}% 11
\BOOKMARK [3][-]{subsubsection.2.4.1}{\376\377\000C\000o\000n\000c\000e\000p\000t\000\040\000a\000n\000d\000\040\000S\000t\000e\000p\000s}{subsection.2.4}% 12
\BOOKMARK [2][-]{subsection.2.5}{\376\377\000S\000e\000n\000s\000i\000t\000i\000v\000i\000t\000y\000\040\000A\000n\000a\000l\000y\000s\000i\000s}{section.2}% 13
\BOOKMARK [2][-]{subsection.2.6}{\376\377\000S\000c\000e\000n\000a\000r\000i\000o\000\040\000W\000r\000i\000t\000i\000n\000g}{section.2}% 14
\BOOKMARK [2][-]{subsection.2.7}{\376\377\000A\000n\000t\000i\000c\000i\000p\000a\000t\000i\000n\000g\000\040\000U\000n\000d\000e\000s\000i\000r\000a\000b\000l\000e\000\040\000S\000i\000d\000e\000\040\000E\000f\000f\000e\000c\000t\000s}{section.2}% 15
\BOOKMARK [3][-]{subsubsection.2.7.1}{\376\377\000C\000o\000m\000m\000o\000n\000\040\000S\000i\000d\000e\000\040\000E\000f\000f\000e\000c\000t\000s\000\040\000i\000n\000\040\000E\000d\000u\000c\000a\000t\000i\000o\000n\000\040\000P\000o\000l\000i\000c\000y}{subsection.2.7}% 16
\BOOKMARK [3][-]{subsubsection.2.7.2}{\376\377\000E\000x\000a\000m\000p\000l\000e\000:\000\040\000I\000m\000p\000l\000e\000m\000e\000n\000t\000i\000n\000g\000\040\000a\000\040\000S\000t\000a\000n\000d\000a\000r\000d\000i\000z\000e\000d\000\040\000T\000e\000s\000t\000i\000n\000g\000\040\000P\000o\000l\000i\000c\000y}{subsection.2.7}% 17
\BOOKMARK [2][-]{subsection.2.8}{\376\377\000C\000o\000n\000s\000t\000r\000u\000c\000t\000i\000n\000g\000\040\000a\000n\000\040\000O\000u\000t\000c\000o\000m\000e\000s\000\040\000M\000a\000t\000r\000i\000x}{section.2}% 18
\BOOKMARK [3][-]{subsubsection.2.8.1}{\376\377\000C\000r\000e\000a\000t\000i\000n\000g\000\040\000t\000h\000e\000\040\000M\000a\000t\000r\000i\000x}{subsection.2.8}% 19
\BOOKMARK [3][-]{subsubsection.2.8.2}{\376\377\000E\000d\000u\000c\000a\000t\000i\000o\000n\000-\000F\000o\000c\000u\000s\000e\000d\000\040\000O\000u\000t\000c\000o\000m\000e\000s\000\040\000M\000a\000t\000r\000i\000x\000\040\000E\000x\000a\000m\000p\000l\000e}{subsection.2.8}% 20
\BOOKMARK [3][-]{subsubsection.2.8.3}{\376\377\000U\000s\000i\000n\000g\000\040\000t\000h\000e\000\040\000M\000a\000t\000r\000i\000x}{subsection.2.8}% 21
\BOOKMARK [2][-]{subsection.2.9}{\376\377\000P\000r\000a\000c\000t\000i\000c\000a\000l\000\040\000A\000p\000p\000l\000i\000c\000a\000t\000i\000o\000n}{section.2}% 22
\BOOKMARK [3][-]{subsubsection.2.9.1}{\376\377\000E\000x\000a\000m\000p\000l\000e\000\040\000i\000n\000\040\000E\000d\000u\000c\000a\000t\000i\000o\000n\000\040\000P\000o\000l\000i\000c\000y}{subsection.2.9}% 23
\BOOKMARK [2][-]{subsection.2.10}{\376\377\000U\000s\000e\000\040\000M\000u\000l\000t\000i\000p\000l\000e\000\040\000M\000e\000t\000h\000o\000d\000s}{section.2}% 24
\BOOKMARK [3][-]{subsubsection.2.10.1}{\376\377\000E\000x\000a\000m\000p\000l\000e\000:\000\040\000I\000m\000p\000l\000e\000m\000e\000n\000t\000i\000n\000g\000\040\000a\000\040\000T\000e\000a\000c\000h\000e\000r\000\040\000T\000r\000a\000i\000n\000i\000n\000g\000\040\000P\000r\000o\000g\000r\000a\000m}{subsection.2.10}% 25
\BOOKMARK [2][-]{subsection.2.11}{\376\377\000E\000n\000g\000a\000g\000e\000\040\000S\000t\000a\000k\000e\000h\000o\000l\000d\000e\000r\000s}{section.2}% 26
\BOOKMARK [3][-]{subsubsection.2.11.1}{\376\377\000E\000x\000a\000m\000p\000l\000e\000:\000\040\000I\000n\000t\000r\000o\000d\000u\000c\000i\000n\000g\000\040\000T\000e\000c\000h\000n\000o\000l\000o\000g\000y\000\040\000i\000n\000\040\000C\000l\000a\000s\000s\000r\000o\000o\000m\000s}{subsection.2.11}% 27
\BOOKMARK [1][-]{section.3}{\376\377\000T\000i\000p\000s\000\040\000f\000o\000r\000\040\000E\000f\000f\000e\000c\000t\000i\000v\000e\000\040\000O\000u\000t\000c\000o\000m\000e\000\040\000P\000r\000o\000j\000e\000c\000t\000i\000o\000n}{}% 28
\BOOKMARK [1][-]{section.4}{\376\377\000C\000o\000n\000c\000l\000u\000s\000i\000o\000n}{}% 29
